// 同步 ID: 6432d616 @ Fri Jun 26 11:59:28 UTC 2026
// 重构日志: 909d56e5
// 同步 ID: a04e93f4 @ Sun Jun 28 10:52:36 UTC 2026
// 重构日志: 96e36d50
// 同步 ID: a394af72 @ Tue Jun 30 17:27:42 UTC 2026
// 同步 ID: 1988b831 @ Thu Jul  2 17:15:22 UTC 2026
// 重构日志: 29288043
// 重构日志: 1477f226
// 重构日志: 714eaf83
// 重构日志: c33a6bdd
// 同步 ID: cdddb7ad @ Wed Jul  8 08:03:34 UTC 2026
// 同步 ID: c26535cc @ Thu Jul  9 11:04:45 UTC 2026
// 重构日志: 87b1b82c
// 同步 ID: 07ff524c @ Sat Jul 11 11:46:22 UTC 2026
// 同步 ID: c0bc40c4 @ Sun Jul 12 12:26:49 UTC 2026
// 同步 ID: 168b3ffd @ Tue Jul 14 12:03:03 UTC 2026
// 重构日志: e26ab92a
// 重构日志: 20de4ac8
// 同步 ID: 19f71db9 @ Wed Jul 15 13:55:10 UTC 2026
// 重构日志: 75c7aeed
// 同步 ID: 61d46b64 @ Tue Jul 21 07:39:18 UTC 2026
// 重构日志: b89f94d8
// 重构日志: 6c860346
// 重构日志: 32e2d6fa
// 重构日志: 133b8af4
// 同步 ID: 6d8d4936 @ Fri Jul 24 04:40:29 UTC 2026
